2011/11/21 21:38:45 [error] [exception.CException] exception 'CException' with message 'CAssetManager.basePath "C:\xampp\htdocs\2meals.com\assets" is invalid. Please make sure the directory exists and is writable by the Web server process.' in C:\xampp\framework\web\CAssetManager.php:112
Stack trace:
#0 C:\xampp\framework\web\CAssetManager.php(97): CAssetManager->setBasePath('C:\xampp\htdocs...')
#1 C:\xampp\framework\web\CAssetManager.php(207): CAssetManager->getBasePath()
#2 C:\xampp\framework\web\CClientScript.php(453): CAssetManager->publish('C:\xampp\framew...')
#3 C:\xampp\framework\web\CClientScript.php(490): CClientScript->getCoreScriptUrl()
#4 C:\xampp\framework\web\CClientScript.php(306): CClientScript->getPackageBaseUrl('jquery')
#5 C:\xampp\framework\web\CClientScript.php(197): CClientScript->renderCoreScripts()
#6 C:\xampp\framework\web\CController.php(343): CClientScript->render('<!DOCTYPE html ...')
#7 C:\xampp\framework\web\CController.php(785): CController->processOutput('<!DOCTYPE html ...')
#8 C:\xampp\htdocs\2meals.com\protected\controllers\SiteController.php(32): CController->render('index')
#9 C:\xampp\framework\web\actions\CInlineAction.php(50): SiteController->actionIndex()
#10 C:\xampp\framework\web\CController.php(300): CInlineAction->runWithParams(Array)
#11 C:\xampp\framework\web\CController.php(278): CController->runAction(Object(CInlineAction))
#12 C:\xampp\framework\web\CController.php(257): CController->runActionWithFilters(Object(CInlineAction), Array)
#13 C:\xampp\framework\web\CWebApplication.php(277): CController->run('')
#14 C:\xampp\framework\web\CWebApplication.php(136): CWebApplication->runController('')
#15 C:\xampp\framework\base\CApplication.php(158): CWebApplication->processRequest()
#16 C:\xampp\htdocs\2meals.com\index.php(13): CApplication->run()
#17 {main} REQUEST_URI=/2meals.com/
2011/11/21 22:57:46 [error] [php] include(RegisterForm.php) [<a href='function.include'>function.include</a>]: failed to open stream: No such file or directory (C:\xampp\framework\YiiBase.php:421)
Stack trace:
#0 C:\xampp\htdocs\2meals.com\protected\controllers\SiteController.php(100): spl_autoload_call()
#1 C:\xampp\framework\web\actions\CInlineAction.php(50): SiteController->actionRegister()
#2 C:\xampp\framework\web\CController.php(300): CInlineAction->runWithParams()
#3 C:\xampp\framework\web\CController.php(278): SiteController->runAction()
#4 C:\xampp\framework\web\CController.php(257): SiteController->runActionWithFilters()
#5 C:\xampp\framework\web\CWebApplication.php(277): SiteController->run()
#6 C:\xampp\framework\web\CWebApplication.php(136): CWebApplication->runController()
#7 C:\xampp\framework\base\CApplication.php(158): CWebApplication->processRequest()
#8 C:\xampp\htdocs\2meals.com\index.php(13): CWebApplication->run()
REQUEST_URI=/2meals.com/index.php?r=site/register
in C:\xampp\htdocs\2meals.com\protected\controllers\SiteController.php (100)
in C:\xampp\htdocs\2meals.com\index.php (13)
2011/11/21 23:00:35 [error] [exception.CException] exception 'CException' with message 'Property "RegisterForm.firstname" is not defined.' in C:\xampp\framework\base\CComponent.php:131
Stack trace:
#0 C:\xampp\framework\web\helpers\CHtml.php(2063): CComponent->__get('firstname')
#1 C:\xampp\framework\web\helpers\CHtml.php(1791): CHtml::resolveValue(Object(RegisterForm), 'firstname')
#2 C:\xampp\framework\web\helpers\CHtml.php(1199): CHtml::activeInputField('text', Object(RegisterForm), 'firstname', Array)
#3 C:\xampp\framework\web\widgets\CActiveForm.php(568): CHtml::activeTextField(Object(RegisterForm), 'firstname', Array)
#4 C:\xampp\htdocs\2meals.com\protected\views\site\register.php(23): CActiveForm->textField(Object(RegisterForm), 'firstname')
#5 C:\xampp\framework\web\CBaseController.php(119): require('C:\xampp\htdocs...')
#6 C:\xampp\framework\web\CBaseController.php(88): CBaseController->renderInternal('C:\xampp\htdocs...', Array, true)
#7 C:\xampp\framework\web\CController.php(866): CBaseController->renderFile('C:\xampp\htdocs...', Array, true)
#8 C:\xampp\framework\web\CController.php(779): CController->renderPartial('register', Array, true)
#9 C:\xampp\htdocs\2meals.com\protected\controllers\SiteController.php(111): CController->render('register', Array)
#10 C:\xampp\framework\web\actions\CInlineAction.php(50): SiteController->actionRegister()
#11 C:\xampp\framework\web\CController.php(300): CInlineAction->runWithParams(Array)
#12 C:\xampp\framework\web\CController.php(278): CController->runAction(Object(CInlineAction))
#13 C:\xampp\framework\web\CController.php(257): CController->runActionWithFilters(Object(CInlineAction), Array)
#14 C:\xampp\framework\web\CWebApplication.php(277): CController->run('register')
#15 C:\xampp\framework\web\CWebApplication.php(136): CWebApplication->runController('site/register')
#16 C:\xampp\framework\base\CApplication.php(158): CWebApplication->processRequest()
#17 C:\xampp\htdocs\2meals.com\index.php(13): CApplication->run()
#18 {main} REQUEST_URI=/2meals.com/index.php?r=site/register
2011/11/21 23:14:24 [error] [php] Missing argument 2 for CActiveForm::labelEx(), called in C:\xampp\htdocs\2meals.com\protected\views\site\register.php on line 56 and defined (C:\xampp\framework\web\widgets\CActiveForm.php:551)
Stack trace:
#0 C:\xampp\framework\web\CBaseController.php(88): SiteController->renderInternal()
#1 C:\xampp\framework\web\CController.php(866): SiteController->renderFile()
#2 C:\xampp\framework\web\CController.php(779): SiteController->renderPartial()
#3 C:\xampp\htdocs\2meals.com\protected\controllers\SiteController.php(111): SiteController->render()
#4 C:\xampp\framework\web\actions\CInlineAction.php(50): SiteController->actionRegister()
#5 C:\xampp\framework\web\CController.php(300): CInlineAction->runWithParams()
#6 C:\xampp\framework\web\CController.php(278): SiteController->runAction()
#7 C:\xampp\framework\web\CController.php(257): SiteController->runActionWithFilters()
#8 C:\xampp\framework\web\CWebApplication.php(277): SiteController->run()
#9 C:\xampp\framework\web\CWebApplication.php(136): CWebApplication->runController()
#10 C:\xampp\framework\base\CApplication.php(158): CWebApplication->processRequest()
#11 C:\xampp\htdocs\2meals.com\index.php(13): CWebApplication->run()
REQUEST_URI=/2meals.com/index.php?r=site/register
in C:\xampp\htdocs\2meals.com\protected\views\site\register.php (56)
in C:\xampp\htdocs\2meals.com\protected\controllers\SiteController.php (111)
in C:\xampp\htdocs\2meals.com\index.php (13)
2011/11/21 23:42:34 [error] [php] Missing argument 2 for CActiveForm::label(), called in C:\xampp\htdocs\2meals.com\protected\views\site\register.php on line 56 and defined (C:\xampp\framework\web\widgets\CActiveForm.php:536)
Stack trace:
#0 C:\xampp\framework\web\CBaseController.php(88): SiteController->renderInternal()
#1 C:\xampp\framework\web\CController.php(866): SiteController->renderFile()
#2 C:\xampp\framework\web\CController.php(779): SiteController->renderPartial()
#3 C:\xampp\htdocs\2meals.com\protected\controllers\SiteController.php(111): SiteController->render()
#4 C:\xampp\framework\web\actions\CInlineAction.php(50): SiteController->actionRegister()
#5 C:\xampp\framework\web\CController.php(300): CInlineAction->runWithParams()
#6 C:\xampp\framework\web\CController.php(278): SiteController->runAction()
#7 C:\xampp\framework\web\CController.php(257): SiteController->runActionWithFilters()
#8 C:\xampp\framework\web\CWebApplication.php(277): SiteController->run()
#9 C:\xampp\framework\web\CWebApplication.php(136): CWebApplication->runController()
#10 C:\xampp\framework\base\CApplication.php(158): CWebApplication->processRequest()
#11 C:\xampp\htdocs\2meals.com\index.php(13): CWebApplication->run()
REQUEST_URI=/2meals.com/index.php?r=site/register
in C:\xampp\htdocs\2meals.com\protected\views\site\register.php (56)
in C:\xampp\htdocs\2meals.com\protected\controllers\SiteController.php (111)
in C:\xampp\htdocs\2meals.com\index.php (13)
2011/11/21 23:42:57 [error] [php] Missing argument 2 for CHtml::label(), called in C:\xampp\htdocs\2meals.com\protected\views\site\register.php on line 56 and defined (C:\xampp\framework\web\helpers\CHtml.php:521)
Stack trace:
#0 C:\xampp\framework\web\CBaseController.php(88): SiteController->renderInternal()
#1 C:\xampp\framework\web\CController.php(866): SiteController->renderFile()
#2 C:\xampp\framework\web\CController.php(779): SiteController->renderPartial()
#3 C:\xampp\htdocs\2meals.com\protected\controllers\SiteController.php(111): SiteController->render()
#4 C:\xampp\framework\web\actions\CInlineAction.php(50): SiteController->actionRegister()
#5 C:\xampp\framework\web\CController.php(300): CInlineAction->runWithParams()
#6 C:\xampp\framework\web\CController.php(278): SiteController->runAction()
#7 C:\xampp\framework\web\CController.php(257): SiteController->runActionWithFilters()
#8 C:\xampp\framework\web\CWebApplication.php(277): SiteController->run()
#9 C:\xampp\framework\web\CWebApplication.php(136): CWebApplication->runController()
#10 C:\xampp\framework\base\CApplication.php(158): CWebApplication->processRequest()
#11 C:\xampp\htdocs\2meals.com\index.php(13): CWebApplication->run()
REQUEST_URI=/2meals.com/index.php?r=site/register
in C:\xampp\htdocs\2meals.com\protected\views\site\register.php (56)
in C:\xampp\htdocs\2meals.com\protected\controllers\SiteController.php (111)
in C:\xampp\htdocs\2meals.com\index.php (13)
2011/11/21 23:43:34 [error] [php] Missing argument 2 for CHtml::label(), called in C:\xampp\htdocs\2meals.com\protected\views\site\register.php on line 56 and defined (C:\xampp\framework\web\helpers\CHtml.php:521)
Stack trace:
#0 C:\xampp\framework\web\CBaseController.php(88): SiteController->renderInternal()
#1 C:\xampp\framework\web\CController.php(866): SiteController->renderFile()
#2 C:\xampp\framework\web\CController.php(779): SiteController->renderPartial()
#3 C:\xampp\htdocs\2meals.com\protected\controllers\SiteController.php(111): SiteController->render()
#4 C:\xampp\framework\web\actions\CInlineAction.php(50): SiteController->actionRegister()
#5 C:\xampp\framework\web\CController.php(300): CInlineAction->runWithParams()
#6 C:\xampp\framework\web\CController.php(278): SiteController->runAction()
#7 C:\xampp\framework\web\CController.php(257): SiteController->runActionWithFilters()
#8 C:\xampp\framework\web\CWebApplication.php(277): SiteController->run()
#9 C:\xampp\framework\web\CWebApplication.php(136): CWebApplication->runController()
#10 C:\xampp\framework\base\CApplication.php(158): CWebApplication->processRequest()
#11 C:\xampp\htdocs\2meals.com\index.php(13): CWebApplication->run()
REQUEST_URI=/2meals.com/index.php?r=site/register
in C:\xampp\htdocs\2meals.com\protected\views\site\register.php (56)
in C:\xampp\htdocs\2meals.com\protected\controllers\SiteController.php (111)
in C:\xampp\htdocs\2meals.com\index.php (13)
2011/11/21 23:43:36 [error] [php] Missing argument 2 for CHtml::label(), called in C:\xampp\htdocs\2meals.com\protected\views\site\register.php on line 56 and defined (C:\xampp\framework\web\helpers\CHtml.php:521)
Stack trace:
#0 C:\xampp\framework\web\CBaseController.php(88): SiteController->renderInternal()
#1 C:\xampp\framework\web\CController.php(866): SiteController->renderFile()
#2 C:\xampp\framework\web\CController.php(779): SiteController->renderPartial()
#3 C:\xampp\htdocs\2meals.com\protected\controllers\SiteController.php(111): SiteController->render()
#4 C:\xampp\framework\web\actions\CInlineAction.php(50): SiteController->actionRegister()
#5 C:\xampp\framework\web\CController.php(300): CInlineAction->runWithParams()
#6 C:\xampp\framework\web\CController.php(278): SiteController->runAction()
#7 C:\xampp\framework\web\CController.php(257): SiteController->runActionWithFilters()
#8 C:\xampp\framework\web\CWebApplication.php(277): SiteController->run()
#9 C:\xampp\framework\web\CWebApplication.php(136): CWebApplication->runController()
#10 C:\xampp\framework\base\CApplication.php(158): CWebApplication->processRequest()
#11 C:\xampp\htdocs\2meals.com\index.php(13): CWebApplication->run()
REQUEST_URI=/2meals.com/index.php?r=site/register
in C:\xampp\htdocs\2meals.com\protected\views\site\register.php (56)
in C:\xampp\htdocs\2meals.com\protected\controllers\SiteController.php (111)
in C:\xampp\htdocs\2meals.com\index.php (13)
2011/11/21 23:44:49 [error] [php] Invalid argument supplied for foreach() (C:\xampp\framework\web\helpers\CHtml.php:2129)
Stack trace:
#0 C:\xampp\htdocs\2meals.com\protected\views\site\register.php(56): label()
#1 C:\xampp\framework\web\CBaseController.php(119): require()
#2 C:\xampp\framework\web\CBaseController.php(88): SiteController->renderInternal()
#3 C:\xampp\framework\web\CController.php(866): SiteController->renderFile()
#4 C:\xampp\framework\web\CController.php(779): SiteController->renderPartial()
#5 C:\xampp\htdocs\2meals.com\protected\controllers\SiteController.php(111): SiteController->render()
#6 C:\xampp\framework\web\actions\CInlineAction.php(50): SiteController->actionRegister()
#7 C:\xampp\framework\web\CController.php(300): CInlineAction->runWithParams()
#8 C:\xampp\framework\web\CController.php(278): SiteController->runAction()
#9 C:\xampp\framework\web\CController.php(257): SiteController->runActionWithFilters()
#10 C:\xampp\framework\web\CWebApplication.php(277): SiteController->run()
#11 C:\xampp\framework\web\CWebApplication.php(136): CWebApplication->runController()
#12 C:\xampp\framework\base\CApplication.php(158): CWebApplication->processRequest()
#13 C:\xampp\htdocs\2meals.com\index.php(13): CWebApplication->run()
REQUEST_URI=/2meals.com/index.php?r=site/register
in C:\xampp\htdocs\2meals.com\protected\views\site\register.php (56)
in C:\xampp\htdocs\2meals.com\protected\controllers\SiteController.php (111)
in C:\xampp\htdocs\2meals.com\index.php (13)
2011/11/23 02:34:08 [error] [exception.CDbException] exception 'CDbException' with message 'The table "RegisterForm" for active record class "RegisterForm" cannot be found in the database.' in C:\xampp\framework\db\ar\CActiveRecord.php:2276
Stack trace:
#0 C:\xampp\framework\db\ar\CActiveRecord.php(372): CActiveRecordMetaData->__construct(Object(RegisterForm))
#1 C:\xampp\framework\db\ar\CActiveRecord.php(387): CActiveRecord::model('RegisterForm')
#2 C:\xampp\framework\db\ar\CActiveRecord.php(62): CActiveRecord->getMetaData()
#3 C:\xampp\htdocs\2meals.com\protected\controllers\SiteController.php(100): CActiveRecord->__construct()
#4 C:\xampp\framework\web\actions\CInlineAction.php(50): SiteController->actionRegister()
#5 C:\xampp\framework\web\CController.php(300): CInlineAction->runWithParams(Array)
#6 C:\xampp\framework\web\CController.php(278): CController->runAction(Object(CInlineAction))
#7 C:\xampp\framework\web\CController.php(257): CController->runActionWithFilters(Object(CInlineAction), Array)
#8 C:\xampp\framework\web\CWebApplication.php(277): CController->run('register')
#9 C:\xampp\framework\web\CWebApplication.php(136): CWebApplication->runController('site/register')
#10 C:\xampp\framework\base\CApplication.php(158): CWebApplication->processRequest()
#11 C:\xampp\htdocs\2meals.com\index.php(13): CApplication->run()
#12 {main} REQUEST_URI=/2meals.com/index.php?r=site/register
2011/11/23 02:41:03 [error] [php] PDO::__construct() [<a href='pdo.--construct'>pdo.--construct</a>]: [2002] No connection could be made because the target machine actively refused it.
 (trying to connect via tcp://localhost:3306) (C:\xampp\framework\db\CDbConnection.php:405)
Stack trace:
#0 C:\xampp\framework\db\CDbConnection.php(313): CDbConnection->open()
#1 C:\xampp\framework\db\CDbConnection.php(291): CDbConnection->setActive()
#2 C:\xampp\framework\base\CModule.php(372): CDbConnection->init()
#3 C:\xampp\framework\base\CApplication.php(429): CWebApplication->getComponent()
#4 C:\xampp\framework\db\ar\CActiveRecord.php(609): CWebApplication->getDb()
#5 C:\xampp\framework\db\ar\CActiveRecord.php(2275): RegisterForm->getDbConnection()
#6 C:\xampp\framework\db\ar\CActiveRecord.php(372): CActiveRecordMetaData->__construct()
#7 C:\xampp\framework\db\ar\CActiveRecord.php(387): model()
#8 C:\xampp\framework\db\ar\CActiveRecord.php(62): RegisterForm->getMetaData()
#9 C:\xampp\htdocs\2meals.com\protected\controllers\SiteController.php(100): RegisterForm->__construct()
#10 C:\xampp\framework\web\actions\CInlineAction.php(50): SiteController->actionRegister()
#11 C:\xampp\framework\web\CController.php(300): CInlineAction->runWithParams()
#12 C:\xampp\framework\web\CController.php(278): SiteController->runAction()
#13 C:\xampp\framework\web\CController.php(257): SiteController->runActionWithFilters()
#14 C:\xampp\framework\web\CWebApplication.php(277): SiteController->run()
#15 C:\xampp\framework\web\CWebApplication.php(136): CWebApplication->runController()
#16 C:\xampp\framework\base\CApplication.php(158): CWebApplication->processRequest()
#17 C:\xampp\htdocs\2meals.com\index.php(13): CWebApplication->run()
REQUEST_URI=/2meals.com/index.php?r=site/register
in C:\xampp\htdocs\2meals.com\protected\controllers\SiteController.php (100)
in C:\xampp\htdocs\2meals.com\index.php (13)
2011/11/23 02:41:35 [error] [php] PDO::__construct() [<a href='pdo.--construct'>pdo.--construct</a>]: [2002] No connection could be made because the target machine actively refused it.
 (trying to connect via tcp://localhost:3306) (C:\xampp\framework\db\CDbConnection.php:405)
Stack trace:
#0 C:\xampp\framework\db\CDbConnection.php(313): CDbConnection->open()
#1 C:\xampp\framework\db\CDbConnection.php(291): CDbConnection->setActive()
#2 C:\xampp\framework\base\CModule.php(372): CDbConnection->init()
#3 C:\xampp\framework\base\CApplication.php(429): CWebApplication->getComponent()
#4 C:\xampp\framework\db\ar\CActiveRecord.php(609): CWebApplication->getDb()
#5 C:\xampp\framework\db\ar\CActiveRecord.php(2275): RegisterForm->getDbConnection()
#6 C:\xampp\framework\db\ar\CActiveRecord.php(372): CActiveRecordMetaData->__construct()
#7 C:\xampp\framework\db\ar\CActiveRecord.php(387): model()
#8 C:\xampp\framework\db\ar\CActiveRecord.php(62): RegisterForm->getMetaData()
#9 C:\xampp\htdocs\2meals.com\protected\controllers\SiteController.php(100): RegisterForm->__construct()
#10 C:\xampp\framework\web\actions\CInlineAction.php(50): SiteController->actionRegister()
#11 C:\xampp\framework\web\CController.php(300): CInlineAction->runWithParams()
#12 C:\xampp\framework\web\CController.php(278): SiteController->runAction()
#13 C:\xampp\framework\web\CController.php(257): SiteController->runActionWithFilters()
#14 C:\xampp\framework\web\CWebApplication.php(277): SiteController->run()
#15 C:\xampp\framework\web\CWebApplication.php(136): CWebApplication->runController()
#16 C:\xampp\framework\base\CApplication.php(158): CWebApplication->processRequest()
#17 C:\xampp\htdocs\2meals.com\index.php(13): CWebApplication->run()
REQUEST_URI=/2meals.com/index.php?r=site/register
in C:\xampp\htdocs\2meals.com\protected\controllers\SiteController.php (100)
in C:\xampp\htdocs\2meals.com\index.php (13)
2011/11/23 02:42:04 [error] [exception.CDbException] exception 'CDbException' with message 'CDbConnection failed to open the DB connection: SQLSTATE[42000] [1049] Unknown database '2meals'' in C:\xampp\framework\db\CDbConnection.php:364
Stack trace:
#0 C:\xampp\framework\db\CDbConnection.php(313): CDbConnection->open()
#1 C:\xampp\framework\db\CDbConnection.php(291): CDbConnection->setActive(true)
#2 C:\xampp\framework\base\CModule.php(372): CDbConnection->init()
#3 C:\xampp\framework\base\CApplication.php(429): CModule->getComponent('db')
#4 C:\xampp\framework\db\ar\CActiveRecord.php(609): CApplication->getDb()
#5 C:\xampp\framework\db\ar\CActiveRecord.php(2275): CActiveRecord->getDbConnection()
#6 C:\xampp\framework\db\ar\CActiveRecord.php(372): CActiveRecordMetaData->__construct(Object(RegisterForm))
#7 C:\xampp\framework\db\ar\CActiveRecord.php(387): CActiveRecord::model('RegisterForm')
#8 C:\xampp\framework\db\ar\CActiveRecord.php(62): CActiveRecord->getMetaData()
#9 C:\xampp\htdocs\2meals.com\protected\controllers\SiteController.php(100): CActiveRecord->__construct()
#10 C:\xampp\framework\web\actions\CInlineAction.php(50): SiteController->actionRegister()
#11 C:\xampp\framework\web\CController.php(300): CInlineAction->runWithParams(Array)
#12 C:\xampp\framework\web\CController.php(278): CController->runAction(Object(CInlineAction))
#13 C:\xampp\framework\web\CController.php(257): CController->runActionWithFilters(Object(CInlineAction), Array)
#14 C:\xampp\framework\web\CWebApplication.php(277): CController->run('register')
#15 C:\xampp\framework\web\CWebApplication.php(136): CWebApplication->runController('site/register')
#16 C:\xampp\framework\base\CApplication.php(158): CWebApplication->processRequest()
#17 C:\xampp\htdocs\2meals.com\index.php(13): CApplication->run()
#18 {main} REQUEST_URI=/2meals.com/index.php?r=site/register
2011/11/23 03:22:45 [error] [system.db.CDbCommand] CDbCommand::fetchAll() failed: SQLSTATE[42S02]: Base table or view not found: 1146 Table '2meals.registerform' doesn't exist. The SQL statement executed was: SHOW COLUMNS FROM `RegisterForm`.
in C:\xampp\htdocs\2meals.com\protected\controllers\SiteController.php (100)
in C:\xampp\htdocs\2meals.com\index.php (13)
2011/11/23 03:22:45 [error] [exception.CDbException] exception 'CDbException' with message 'The table "RegisterForm" for active record class "RegisterForm" cannot be found in the database.' in C:\xampp\framework\db\ar\CActiveRecord.php:2276
Stack trace:
#0 C:\xampp\framework\db\ar\CActiveRecord.php(372): CActiveRecordMetaData->__construct(Object(RegisterForm))
#1 C:\xampp\framework\db\ar\CActiveRecord.php(387): CActiveRecord::model('RegisterForm')
#2 C:\xampp\framework\db\ar\CActiveRecord.php(62): CActiveRecord->getMetaData()
#3 C:\xampp\htdocs\2meals.com\protected\controllers\SiteController.php(100): CActiveRecord->__construct()
#4 C:\xampp\framework\web\actions\CInlineAction.php(50): SiteController->actionRegister()
#5 C:\xampp\framework\web\CController.php(300): CInlineAction->runWithParams(Array)
#6 C:\xampp\framework\web\CController.php(278): CController->runAction(Object(CInlineAction))
#7 C:\xampp\framework\web\CController.php(257): CController->runActionWithFilters(Object(CInlineAction), Array)
#8 C:\xampp\framework\web\CWebApplication.php(277): CController->run('register')
#9 C:\xampp\framework\web\CWebApplication.php(136): CWebApplication->runController('site/register')
#10 C:\xampp\framework\base\CApplication.php(158): CWebApplication->processRequest()
#11 C:\xampp\htdocs\2meals.com\index.php(13): CApplication->run()
#12 {main} REQUEST_URI=/2meals.com/index.php?r=site/register
2011/11/23 03:23:00 [error] [system.db.CDbCommand] CDbCommand::fetchAll() failed: SQLSTATE[42S02]: Base table or view not found: 1146 Table '2meals.registerform' doesn't exist. The SQL statement executed was: SHOW COLUMNS FROM `RegisterForm`.
in C:\xampp\htdocs\2meals.com\protected\controllers\SiteController.php (100)
in C:\xampp\htdocs\2meals.com\index.php (13)
2011/11/23 03:23:00 [error] [exception.CDbException] exception 'CDbException' with message 'The table "RegisterForm" for active record class "RegisterForm" cannot be found in the database.' in C:\xampp\framework\db\ar\CActiveRecord.php:2276
Stack trace:
#0 C:\xampp\framework\db\ar\CActiveRecord.php(372): CActiveRecordMetaData->__construct(Object(RegisterForm))
#1 C:\xampp\framework\db\ar\CActiveRecord.php(387): CActiveRecord::model('RegisterForm')
#2 C:\xampp\framework\db\ar\CActiveRecord.php(62): CActiveRecord->getMetaData()
#3 C:\xampp\htdocs\2meals.com\protected\controllers\SiteController.php(100): CActiveRecord->__construct()
#4 C:\xampp\framework\web\actions\CInlineAction.php(50): SiteController->actionRegister()
#5 C:\xampp\framework\web\CController.php(300): CInlineAction->runWithParams(Array)
#6 C:\xampp\framework\web\CController.php(278): CController->runAction(Object(CInlineAction))
#7 C:\xampp\framework\web\CController.php(257): CController->runActionWithFilters(Object(CInlineAction), Array)
#8 C:\xampp\framework\web\CWebApplication.php(277): CController->run('register')
#9 C:\xampp\framework\web\CWebApplication.php(136): CWebApplication->runController('site/register')
#10 C:\xampp\framework\base\CApplication.php(158): CWebApplication->processRequest()
#11 C:\xampp\htdocs\2meals.com\index.php(13): CApplication->run()
#12 {main} REQUEST_URI=/2meals.com/index.php?r=site/register
2011/11/23 04:01:13 [error] [exception.CException] exception 'CException' with message 'RegisterForm and its behaviors do not have a method or closure named "save".' in C:\xampp\framework\base\CComponent.php:269
Stack trace:
#0 C:\xampp\htdocs\2meals.com\protected\controllers\SiteController.php(107): CComponent->__call('save', Array)
#1 C:\xampp\htdocs\2meals.com\protected\controllers\SiteController.php(107): RegisterForm->save()
#2 C:\xampp\framework\web\actions\CInlineAction.php(50): SiteController->actionRegister()
#3 C:\xampp\framework\web\CController.php(300): CInlineAction->runWithParams(Array)
#4 C:\xampp\framework\web\CController.php(278): CController->runAction(Object(CInlineAction))
#5 C:\xampp\framework\web\CController.php(257): CController->runActionWithFilters(Object(CInlineAction), Array)
#6 C:\xampp\framework\web\CWebApplication.php(277): CController->run('register')
#7 C:\xampp\framework\web\CWebApplication.php(136): CWebApplication->runController('site/register')
#8 C:\xampp\framework\base\CApplication.php(158): CWebApplication->processRequest()
#9 C:\xampp\htdocs\2meals.com\index.php(13): CApplication->run()
#10 {main} REQUEST_URI=/2meals.com/index.php?r=site/register
2011/11/23 04:02:09 [error] [php] Missing argument 1 for RegisterForm::register(), called in C:\xampp\htdocs\2meals.com\protected\controllers\SiteController.php on line 107 and defined (C:\xampp\htdocs\2meals.com\protected\models\RegisterForm.php:60)
Stack trace:
#0 C:\xampp\framework\web\CController.php(300): CInlineAction->runWithParams()
#1 C:\xampp\framework\web\CController.php(278): SiteController->runAction()
#2 C:\xampp\framework\web\CController.php(257): SiteController->runActionWithFilters()
#3 C:\xampp\framework\web\CWebApplication.php(277): SiteController->run()
#4 C:\xampp\framework\web\CWebApplication.php(136): CWebApplication->runController()
#5 C:\xampp\framework\base\CApplication.php(158): CWebApplication->processRequest()
#6 C:\xampp\htdocs\2meals.com\index.php(13): CWebApplication->run()
REQUEST_URI=/2meals.com/index.php?r=site/register
in C:\xampp\htdocs\2meals.com\protected\models\RegisterForm.php (60)
in C:\xampp\htdocs\2meals.com\protected\controllers\SiteController.php (107)
in C:\xampp\htdocs\2meals.com\index.php (13)
2011/11/23 04:33:23 [error] [php] PDO::__construct() [<a href='pdo.--construct'>pdo.--construct</a>]: [2002] No connection could be made because the target machine actively refused it.
 (trying to connect via tcp://localhost:3306) (C:\xampp\framework\db\CDbConnection.php:405)
Stack trace:
#0 C:\xampp\framework\db\CDbConnection.php(313): CDbConnection->open()
#1 C:\xampp\framework\db\CDbConnection.php(291): CDbConnection->setActive()
#2 C:\xampp\framework\base\CModule.php(372): CDbConnection->init()
#3 C:\xampp\framework\base\CApplication.php(429): CWebApplication->getComponent()
#4 C:\xampp\framework\db\ar\CActiveRecord.php(609): CWebApplication->getDb()
#5 C:\xampp\framework\db\ar\CActiveRecord.php(2275): Users->getDbConnection()
#6 C:\xampp\framework\db\ar\CActiveRecord.php(372): CActiveRecordMetaData->__construct()
#7 C:\xampp\htdocs\2meals.com\protected\models\Users.php(32): model()
#8 C:\xampp\htdocs\2meals.com\protected\components\UserIdentity.php(22): model()
#9 C:\xampp\htdocs\2meals.com\protected\models\LoginForm.php(52): UserIdentity->authenticate()
#10 C:\xampp\framework\validators\CInlineValidator.php(39): LoginForm->authenticate()
#11 C:\xampp\framework\validators\CValidator.php(192): CInlineValidator->validateAttribute()
#12 C:\xampp\framework\base\CModel.php(152): CInlineValidator->validate()
#13 C:\xampp\htdocs\2meals.com\protected\controllers\SiteController.php(88): LoginForm->validate()
#14 C:\xampp\framework\web\actions\CInlineAction.php(50): SiteController->actionLogin()
#15 C:\xampp\framework\web\CController.php(300): CInlineAction->runWithParams()
#16 C:\xampp\framework\web\CController.php(278): SiteController->runAction()
#17 C:\xampp\framework\web\CController.php(257): SiteController->runActionWithFilters()
#18 C:\xampp\framework\web\CWebApplication.php(277): SiteController->run()
#19 C:\xampp\framework\web\CWebApplication.php(136): CWebApplication->runController()
#20 C:\xampp\framework\base\CApplication.php(158): CWebApplication->processRequest()
#21 C:\xampp\htdocs\2meals.com\index.php(13): CWebApplication->run()
REQUEST_URI=/2meals.com/index.php?r=site/login
in C:\xampp\htdocs\2meals.com\protected\models\Users.php (32)
in C:\xampp\htdocs\2meals.com\protected\components\UserIdentity.php (22)
in C:\xampp\htdocs\2meals.com\protected\models\LoginForm.php (52)
2011/11/23 05:06:04 [error] [system.db.CDbCommand] CDbCommand::fetch() failed: SQLSTATE[42S22]: Column not found: 1054 Unknown column 'admin' in 'where clause'. The SQL statement executed was: SELECT * FROM `Users` `t` WHERE admin LIMIT 1.
in C:\xampp\htdocs\2meals.com\protected\components\UserIdentity.php (18)
in C:\xampp\htdocs\2meals.com\protected\models\LoginForm.php (52)
in C:\xampp\htdocs\2meals.com\protected\controllers\SiteController.php (88)
2011/11/23 05:06:04 [error] [exception.CDbException] exception 'CDbException' with message 'CDbCommand failed to execute the SQL statement: SQLSTATE[42S22]: Column not found: 1054 Unknown column 'admin' in 'where clause'. The SQL statement executed was: SELECT * FROM `Users` `t` WHERE admin LIMIT 1' in C:\xampp\framework\db\CDbCommand.php:516
Stack trace:
#0 C:\xampp\framework\db\CDbCommand.php(393): CDbCommand->queryInternal('fetch', Array, Array)
#1 C:\xampp\framework\db\ar\CActiveRecord.php(1290): CDbCommand->queryRow()
#2 C:\xampp\framework\db\ar\CActiveRecord.php(1396): CActiveRecord->query(Object(CDbCriteria))
#3 C:\xampp\htdocs\2meals.com\protected\components\UserIdentity.php(18): CActiveRecord->find('admin')
#4 C:\xampp\htdocs\2meals.com\protected\models\LoginForm.php(52): UserIdentity->authenticate()
#5 C:\xampp\framework\validators\CInlineValidator.php(39): LoginForm->authenticate('password', Array)
#6 C:\xampp\framework\validators\CValidator.php(192): CInlineValidator->validateAttribute(Object(LoginForm), 'password')
#7 C:\xampp\framework\base\CModel.php(152): CValidator->validate(Object(LoginForm), NULL)
#8 C:\xampp\htdocs\2meals.com\protected\controllers\SiteController.php(88): CModel->validate()
#9 C:\xampp\framework\web\actions\CInlineAction.php(50): SiteController->actionLogin()
#10 C:\xampp\framework\web\CController.php(300): CInlineAction->runWithParams(Array)
#11 C:\xampp\framework\web\CController.php(278): CController->runAction(Object(CInlineAction))
#12 C:\xampp\framework\web\CController.php(257): CController->runActionWithFilters(Object(CInlineAction), Array)
#13 C:\xampp\framework\web\CWebApplication.php(277): CController->run('login')
#14 C:\xampp\framework\web\CWebApplication.php(136): CWebApplication->runController('site/login')
#15 C:\xampp\framework\base\CApplication.php(158): CWebApplication->processRequest()
#16 C:\xampp\htdocs\2meals.com\index.php(13): CApplication->run()
#17 {main} REQUEST_URI=/2meals.com/index.php?r=site/login
2011/11/23 05:07:10 [error] [exception.CException] exception 'CException' with message 'Property "CDbCriteria.username" is not defined.' in C:\xampp\framework\base\CComponent.php:174
Stack trace:
#0 C:\xampp\framework\db\schema\CDbCriteria.php(153): CComponent->__set('username', 'admin')
#1 C:\xampp\framework\db\schema\CDbCommandBuilder.php(460): CDbCriteria->__construct(Array)
#2 C:\xampp\framework\db\ar\CActiveRecord.php(1395): CDbCommandBuilder->createCriteria(Array, Array)
#3 C:\xampp\htdocs\2meals.com\protected\components\UserIdentity.php(18): CActiveRecord->find(Array)
#4 C:\xampp\htdocs\2meals.com\protected\models\LoginForm.php(52): UserIdentity->authenticate()
#5 C:\xampp\framework\validators\CInlineValidator.php(39): LoginForm->authenticate('password', Array)
#6 C:\xampp\framework\validators\CValidator.php(192): CInlineValidator->validateAttribute(Object(LoginForm), 'password')
#7 C:\xampp\framework\base\CModel.php(152): CValidator->validate(Object(LoginForm), NULL)
#8 C:\xampp\htdocs\2meals.com\protected\controllers\SiteController.php(88): CModel->validate()
#9 C:\xampp\framework\web\actions\CInlineAction.php(50): SiteController->actionLogin()
#10 C:\xampp\framework\web\CController.php(300): CInlineAction->runWithParams(Array)
#11 C:\xampp\framework\web\CController.php(278): CController->runAction(Object(CInlineAction))
#12 C:\xampp\framework\web\CController.php(257): CController->runActionWithFilters(Object(CInlineAction), Array)
#13 C:\xampp\framework\web\CWebApplication.php(277): CController->run('login')
#14 C:\xampp\framework\web\CWebApplication.php(136): CWebApplication->runController('site/login')
#15 C:\xampp\framework\base\CApplication.php(158): CWebApplication->processRequest()
#16 C:\xampp\htdocs\2meals.com\index.php(13): CApplication->run()
#17 {main} REQUEST_URI=/2meals.com/index.php?r=site/login
2011/11/23 06:04:33 [error] [php] Non-static method CHttpRequest::redirect() should not be called statically, assuming $this from incompatible context (C:\xampp\htdocs\2meals.com\protected\models\LoginForm.php:55)
Stack trace:
#0 C:\xampp\framework\base\CModel.php(152): CInlineValidator->validate()
#1 C:\xampp\htdocs\2meals.com\protected\controllers\SiteController.php(88): LoginForm->validate()
#2 C:\xampp\framework\web\actions\CInlineAction.php(50): SiteController->actionLogin()
#3 C:\xampp\framework\web\CController.php(300): CInlineAction->runWithParams()
#4 C:\xampp\framework\web\CController.php(278): SiteController->runAction()
#5 C:\xampp\framework\web\CController.php(257): SiteController->runActionWithFilters()
#6 C:\xampp\framework\web\CWebApplication.php(277): SiteController->run()
#7 C:\xampp\framework\web\CWebApplication.php(136): CWebApplication->runController()
#8 C:\xampp\framework\base\CApplication.php(158): CWebApplication->processRequest()
#9 C:\xampp\htdocs\2meals.com\index.php(13): CWebApplication->run()
REQUEST_URI=/2meals.com/index.php?r=site/login
in C:\xampp\htdocs\2meals.com\protected\models\LoginForm.php (55)
in C:\xampp\htdocs\2meals.com\protected\controllers\SiteController.php (88)
in C:\xampp\htdocs\2meals.com\index.php (13)
2011/11/23 07:13:27 [error] [php] Missing argument 2 for CHtml::label(), called in C:\xampp\htdocs\2meals.com\protected\views\site\register.php on line 12 and defined (C:\xampp\framework\web\helpers\CHtml.php:521)
Stack trace:
#0 C:\xampp\framework\web\CBaseController.php(88): SiteController->renderInternal()
#1 C:\xampp\framework\web\CController.php(866): SiteController->renderFile()
#2 C:\xampp\framework\web\CController.php(779): SiteController->renderPartial()
#3 C:\xampp\htdocs\2meals.com\protected\controllers\SiteController.php(111): SiteController->render()
#4 C:\xampp\framework\web\actions\CInlineAction.php(50): SiteController->actionRegister()
#5 C:\xampp\framework\web\CController.php(300): CInlineAction->runWithParams()
#6 C:\xampp\framework\web\CController.php(278): SiteController->runAction()
#7 C:\xampp\framework\web\CController.php(257): SiteController->runActionWithFilters()
#8 C:\xampp\framework\web\CWebApplication.php(277): SiteController->run()
#9 C:\xampp\framework\web\CWebApplication.php(136): CWebApplication->runController()
#10 C:\xampp\framework\base\CApplication.php(158): CWebApplication->processRequest()
#11 C:\xampp\htdocs\2meals.com\index.php(13): CWebApplication->run()
REQUEST_URI=/2meals.com/index.php?r=site/register
in C:\xampp\htdocs\2meals.com\protected\views\site\register.php (12)
in C:\xampp\htdocs\2meals.com\protected\controllers\SiteController.php (111)
in C:\xampp\htdocs\2meals.com\index.php (13)
2011/11/23 07:56:36 [error] [exception.CException] exception 'CException' with message 'Property "CActiveForm.username" is not defined.' in C:\xampp\framework\base\CComponent.php:174
Stack trace:
#0 C:\xampp\htdocs\2meals.com\protected\views\site\register.php(27): CComponent->__set('username', 'ryanfield')
#1 C:\xampp\framework\web\CBaseController.php(119): require('C:\xampp\htdocs...')
#2 C:\xampp\framework\web\CBaseController.php(88): CBaseController->renderInternal('C:\xampp\htdocs...', Array, true)
#3 C:\xampp\framework\web\CController.php(866): CBaseController->renderFile('C:\xampp\htdocs...', Array, true)
#4 C:\xampp\framework\web\CController.php(779): CController->renderPartial('register', Array, true)
#5 C:\xampp\htdocs\2meals.com\protected\controllers\SiteController.php(111): CController->render('register', Array)
#6 C:\xampp\framework\web\actions\CInlineAction.php(50): SiteController->actionRegister()
#7 C:\xampp\framework\web\CController.php(300): CInlineAction->runWithParams(Array)
#8 C:\xampp\framework\web\CController.php(278): CController->runAction(Object(CInlineAction))
#9 C:\xampp\framework\web\CController.php(257): CController->runActionWithFilters(Object(CInlineAction), Array)
#10 C:\xampp\framework\web\CWebApplication.php(277): CController->run('register')
#11 C:\xampp\framework\web\CWebApplication.php(136): CWebApplication->runController('site/register')
#12 C:\xampp\framework\base\CApplication.php(158): CWebApplication->processRequest()
#13 C:\xampp\htdocs\2meals.com\index.php(13): CApplication->run()
#14 {main} REQUEST_URI=/2meals.com/index.php?r=site/register
2011/11/23 07:58:29 [error] [php] Object of class RegisterForm could not be converted to string (C:\xampp\htdocs\2meals.com\protected\views\site\register.php:27)
Stack trace:
#0 C:\xampp\framework\web\CController.php(866): SiteController->renderFile()
#1 C:\xampp\framework\web\CController.php(779): SiteController->renderPartial()
#2 C:\xampp\htdocs\2meals.com\protected\controllers\SiteController.php(111): SiteController->render()
#3 C:\xampp\framework\web\actions\CInlineAction.php(50): SiteController->actionRegister()
#4 C:\xampp\framework\web\CController.php(300): CInlineAction->runWithParams()
#5 C:\xampp\framework\web\CController.php(278): SiteController->runAction()
#6 C:\xampp\framework\web\CController.php(257): SiteController->runActionWithFilters()
#7 C:\xampp\framework\web\CWebApplication.php(277): SiteController->run()
#8 C:\xampp\framework\web\CWebApplication.php(136): CWebApplication->runController()
#9 C:\xampp\framework\base\CApplication.php(158): CWebApplication->processRequest()
#10 C:\xampp\htdocs\2meals.com\index.php(13): CWebApplication->run()
REQUEST_URI=/2meals.com/index.php?r=site/register
in C:\xampp\htdocs\2meals.com\protected\views\site\register.php (27)
in C:\xampp\htdocs\2meals.com\protected\controllers\SiteController.php (111)
in C:\xampp\htdocs\2meals.com\index.php (13)
2011/11/23 19:41:10 [error] [exception.CException] exception 'CException' with message 'Property "CWebUser.username" is not defined.' in C:\xampp\framework\base\CComponent.php:131
Stack trace:
#0 C:\xampp\framework\web\auth\CWebUser.php(124): CComponent->__get('username')
#1 C:\xampp\htdocs\2meals.com\protected\views\site\register.php(24): CWebUser->__get('username')
#2 C:\xampp\framework\web\CBaseController.php(119): require('C:\xampp\htdocs...')
#3 C:\xampp\framework\web\CBaseController.php(88): CBaseController->renderInternal('C:\xampp\htdocs...', Array, true)
#4 C:\xampp\framework\web\CController.php(866): CBaseController->renderFile('C:\xampp\htdocs...', Array, true)
#5 C:\xampp\framework\web\CController.php(779): CController->renderPartial('register', Array, true)
#6 C:\xampp\htdocs\2meals.com\protected\controllers\SiteController.php(111): CController->render('register', Array)
#7 C:\xampp\framework\web\actions\CInlineAction.php(50): SiteController->actionRegister()
#8 C:\xampp\framework\web\CController.php(300): CInlineAction->runWithParams(Array)
#9 C:\xampp\framework\web\CController.php(278): CController->runAction(Object(CInlineAction))
#10 C:\xampp\framework\web\CController.php(257): CController->runActionWithFilters(Object(CInlineAction), Array)
#11 C:\xampp\framework\web\CWebApplication.php(277): CController->run('register')
#12 C:\xampp\framework\web\CWebApplication.php(136): CWebApplication->runController('site/register')
#13 C:\xampp\framework\base\CApplication.php(158): CWebApplication->processRequest()
#14 C:\xampp\htdocs\2meals.com\index.php(13): CApplication->run()
#15 {main} REQUEST_URI=/2meals.com/index.php?r=site/register
2011/11/23 19:50:00 [error] [exception.CException] exception 'CException' with message 'Property "CWebUser.username" is not defined.' in C:\xampp\framework\base\CComponent.php:131
Stack trace:
#0 C:\xampp\framework\web\auth\CWebUser.php(124): CComponent->__get('username')
#1 C:\xampp\htdocs\2meals.com\protected\views\site\register.php(24): CWebUser->__get('username')
#2 C:\xampp\framework\web\CBaseController.php(119): require('C:\xampp\htdocs...')
#3 C:\xampp\framework\web\CBaseController.php(88): CBaseController->renderInternal('C:\xampp\htdocs...', Array, true)
#4 C:\xampp\framework\web\CController.php(866): CBaseController->renderFile('C:\xampp\htdocs...', Array, true)
#5 C:\xampp\framework\web\CController.php(779): CController->renderPartial('register', Array, true)
#6 C:\xampp\htdocs\2meals.com\protected\controllers\SiteController.php(111): CController->render('register', Array)
#7 C:\xampp\framework\web\actions\CInlineAction.php(50): SiteController->actionRegister()
#8 C:\xampp\framework\web\CController.php(300): CInlineAction->runWithParams(Array)
#9 C:\xampp\framework\web\CController.php(278): CController->runAction(Object(CInlineAction))
#10 C:\xampp\framework\web\CController.php(257): CController->runActionWithFilters(Object(CInlineAction), Array)
#11 C:\xampp\framework\web\CWebApplication.php(277): CController->run('register')
#12 C:\xampp\framework\web\CWebApplication.php(136): CWebApplication->runController('site/register')
#13 C:\xampp\framework\base\CApplication.php(158): CWebApplication->processRequest()
#14 C:\xampp\htdocs\2meals.com\index.php(13): CApplication->run()
#15 {main} REQUEST_URI=/2meals.com/index.php?r=site/register
2011/11/23 20:06:13 [error] [exception.CHttpException.404] exception 'CHttpException' with message 'The system is unable to find the requested action "profile".' in C:\xampp\framework\web\CController.php:477
Stack trace:
#0 C:\xampp\framework\web\CController.php(262): CController->missingAction('profile')
#1 C:\xampp\framework\web\CWebApplication.php(277): CController->run('profile')
#2 C:\xampp\framework\web\CWebApplication.php(136): CWebApplication->runController('site/profile')
#3 C:\xampp\framework\base\CApplication.php(158): CWebApplication->processRequest()
#4 C:\xampp\htdocs\2meals.com\index.php(13): CApplication->run()
#5 {main} REQUEST_URI=/2meals.com/index.php?r=site/profile
2011/11/23 20:06:59 [error] [exception.CHttpException.404] exception 'CHttpException' with message 'The system is unable to find the requested action "profile".' in C:\xampp\framework\web\CController.php:477
Stack trace:
#0 C:\xampp\framework\web\CController.php(262): CController->missingAction('profile')
#1 C:\xampp\framework\web\CWebApplication.php(277): CController->run('profile')
#2 C:\xampp\framework\web\CWebApplication.php(136): CWebApplication->runController('site/profile')
#3 C:\xampp\framework\base\CApplication.php(158): CWebApplication->processRequest()
#4 C:\xampp\htdocs\2meals.com\index.php(13): CApplication->run()
#5 {main} REQUEST_URI=/2meals.com/index.php?r=site/profile
2011/11/23 20:07:01 [error] [exception.CHttpException.404] exception 'CHttpException' with message 'The system is unable to find the requested action "profile".' in C:\xampp\framework\web\CController.php:477
Stack trace:
#0 C:\xampp\framework\web\CController.php(262): CController->missingAction('profile')
#1 C:\xampp\framework\web\CWebApplication.php(277): CController->run('profile')
#2 C:\xampp\framework\web\CWebApplication.php(136): CWebApplication->runController('site/profile')
#3 C:\xampp\framework\base\CApplication.php(158): CWebApplication->processRequest()
#4 C:\xampp\htdocs\2meals.com\index.php(13): CApplication->run()
#5 {main} REQUEST_URI=/2meals.com/index.php?r=site/profile
2011/11/23 20:07:44 [error] [exception.CHttpException.404] exception 'CHttpException' with message 'The system is unable to find the requested action "profile".' in C:\xampp\framework\web\CController.php:477
Stack trace:
#0 C:\xampp\framework\web\CController.php(262): CController->missingAction('profile')
#1 C:\xampp\framework\web\CWebApplication.php(277): CController->run('profile')
#2 C:\xampp\framework\web\CWebApplication.php(136): CWebApplication->runController('site/profile')
#3 C:\xampp\framework\base\CApplication.php(158): CWebApplication->processRequest()
#4 C:\xampp\htdocs\2meals.com\index.php(13): CApplication->run()
#5 {main} REQUEST_URI=/2meals.com/index.php?r=site/profile
2011/11/23 20:11:31 [error] [exception.CException] exception 'CException' with message 'Property "CWebUser.username" is not defined.' in C:\xampp\framework\base\CComponent.php:131
Stack trace:
#0 C:\xampp\framework\web\auth\CWebUser.php(124): CComponent->__get('username')
#1 C:\xampp\htdocs\2meals.com\protected\views\site\profile.php(16): CWebUser->__get('username')
#2 C:\xampp\framework\web\CBaseController.php(119): require('C:\xampp\htdocs...')
#3 C:\xampp\framework\web\CBaseController.php(88): CBaseController->renderInternal('C:\xampp\htdocs...', Array, true)
#4 C:\xampp\framework\web\CController.php(866): CBaseController->renderFile('C:\xampp\htdocs...', Array, true)
#5 C:\xampp\framework\web\CController.php(779): CController->renderPartial('profile', Array, true)
#6 C:\xampp\htdocs\2meals.com\protected\controllers\SiteController.php(138): CController->render('profile', Array)
#7 C:\xampp\framework\web\actions\CInlineAction.php(50): SiteController->actionProfile()
#8 C:\xampp\framework\web\CController.php(300): CInlineAction->runWithParams(Array)
#9 C:\xampp\framework\web\CController.php(278): CController->runAction(Object(CInlineAction))
#10 C:\xampp\framework\web\CController.php(257): CController->runActionWithFilters(Object(CInlineAction), Array)
#11 C:\xampp\framework\web\CWebApplication.php(277): CController->run('profile')
#12 C:\xampp\framework\web\CWebApplication.php(136): CWebApplication->runController('site/profile')
#13 C:\xampp\framework\base\CApplication.php(158): CWebApplication->processRequest()
#14 C:\xampp\htdocs\2meals.com\index.php(13): CApplication->run()
#15 {main} REQUEST_URI=/2meals.com/index.php?r=site/profile
2011/11/28 16:17:55 [error] [exception.CDbException] exception 'CDbException' with message 'CDbConnection failed to open the DB connection: SQLSTATE[28000] [1045] Access denied for user 'root'@'localhost' (using password: NO)' in C:\xampp\htdocs\2meals\framework\db\CDbConnection.php:364
Stack trace:
#0 C:\xampp\htdocs\2meals\framework\db\CDbConnection.php(313): CDbConnection->open()
#1 C:\xampp\htdocs\2meals\framework\db\CDbConnection.php(291): CDbConnection->setActive(true)
#2 C:\xampp\htdocs\2meals\framework\base\CModule.php(372): CDbConnection->init()
#3 C:\xampp\htdocs\2meals\framework\base\CApplication.php(429): CModule->getComponent('db')
#4 C:\xampp\htdocs\2meals\framework\db\ar\CActiveRecord.php(609): CApplication->getDb()
#5 C:\xampp\htdocs\2meals\framework\db\ar\CActiveRecord.php(2275): CActiveRecord->getDbConnection()
#6 C:\xampp\htdocs\2meals\framework\db\ar\CActiveRecord.php(372): CActiveRecordMetaData->__construct(Object(Users))
#7 C:\xampp\htdocs\2meals\2meals.com\protected\models\Users.php(32): CActiveRecord::model('Users')
#8 C:\xampp\htdocs\2meals\2meals.com\protected\components\UserIdentity.php(16): Users::model()
#9 C:\xampp\htdocs\2meals\2meals.com\protected\views\site\token.php(77): UserIdentity->authenticate()
#10 C:\xampp\htdocs\2meals\framework\web\CBaseController.php(119): require('C:\xampp\htdocs...')
#11 C:\xampp\htdocs\2meals\framework\web\CBaseController.php(88): CBaseController->renderInternal('C:\xampp\htdocs...', Array, true)
#12 C:\xampp\htdocs\2meals\framework\web\CController.php(866): CBaseController->renderFile('C:\xampp\htdocs...', Array, true)
#13 C:\xampp\htdocs\2meals\framework\web\CController.php(779): CController->renderPartial('token', Array, true)
#14 C:\xampp\htdocs\2meals\2meals.com\protected\controllers\SiteController.php(132): CController->render('token', Array)
#15 C:\xampp\htdocs\2meals\framework\web\actions\CInlineAction.php(50): SiteController->actionToken()
#16 C:\xampp\htdocs\2meals\framework\web\CController.php(300): CInlineAction->runWithParams(Array)
#17 C:\xampp\htdocs\2meals\framework\web\CController.php(278): CController->runAction(Object(CInlineAction))
#18 C:\xampp\htdocs\2meals\framework\web\CController.php(257): CController->runActionWithFilters(Object(CInlineAction), Array)
#19 C:\xampp\htdocs\2meals\framework\web\CWebApplication.php(277): CController->run('token')
#20 C:\xampp\htdocs\2meals\framework\web\CWebApplication.php(136): CWebApplication->runController('site/token')
#21 C:\xampp\htdocs\2meals\framework\base\CApplication.php(158): CWebApplication->processRequest()
#22 C:\xampp\htdocs\2meals\2meals.com\index.php(13): CApplication->run()
#23 {main} REQUEST_URI=/2meals/2meals.com/index.php?r=site%2ftoken
